[INFO] 24-09-2024 11:06:33 [main] [Tests.TC03_CartTest.setup(TC03_CartTest.java:31)] - Browser was opened
[INFO] 24-09-2024 11:06:33 [main] [Tests.TC03_CartTest.setup(TC03_CartTest.java:33)] -  browser is redirected to the url
[ERROR] 24-09-2024 11:06:45 [main] [Utilities.Utility.takeFullScreenShot(Utility.java:89)] - no such element: Unable to locate element: {"method":"css selector","selector":".shopping_cart_badge"}
  (Session info: MicrosoftEdge=129.0.2792.52)
For documentation on this error, please visit: https://www.selenium.dev/documentation/webdriver/troubleshooting/errors#no-such-element-exception
Build info: version: '4.24.0', revision: '748ffc9bc3'
System info: os.name: 'Windows 10', os.arch: 'amd64', os.version: '10.0', java.version: '23'
Driver info: org.openqa.selenium.edge.EdgeDriver
Command: [df92e42caca3855178253b5ada5595e7, findElement {using=class name, value=shopping_cart_badge}]
Capabilities {acceptInsecureCerts: false, browserName: MicrosoftEdge, browserVersion: 129.0.2792.52, fedcm:accounts: true, ms:edgeOptions: {debuggerAddress: localhost:53218}, msedge: {msedgedriverVersion: 129.0.2792.52 (6462e8fc16ec..., userDataDir: C:\Windows\SystemTemp\scope...}, networkConnectionEnabled: false, pageLoadStrategy: normal, platformName: windows, proxy: Proxy(), se:cdp: ws://localhost:53218/devtoo..., se:cdpVersion: 129.0.2792.52, setWindowRect: true, strictFileInteractability: false, timeouts: {implicit: 0, pageLoad: 300000, script: 30000}, unhandledPromptBehavior: dismiss and notify, webauthn:extension:credBlob: true, webauthn:extension:largeBlob: true, webauthn:extension:minPinLength: true, webauthn:extension:prf: true, webauthn:virtualAuthenticators: true}
Session ID: df92e42caca3855178253b5ada5595e7
[INFO] 24-09-2024 11:06:45 [main] [Listeners.ITestResultListenerClass.onTestStart(ITestResultListenerClass.java:9)] -  Test Case comparingPricesTC started
[INFO] 24-09-2024 11:06:47 [main] [Pages.P02_LandingPage.addRandomProducts(P02_LandingPage.java:76)] - randomNumber 3
[INFO] 24-09-2024 11:06:47 [main] [Pages.P02_LandingPage.addRandomProducts(P02_LandingPage.java:76)] - randomNumber 5
[INFO] 24-09-2024 11:06:47 [main] [Pages.P02_LandingPage.getTotalPriceOfSelectedProducts(P02_LandingPage.java:111)] - Total Price 0.0
[INFO] 24-09-2024 11:06:47 [main] [Pages.P02_LandingPage.getTotalPriceOfSelectedProducts(P02_LandingPage.java:111)] - Total Price 15.99
[INFO] 24-09-2024 11:06:59 [main] [Listeners.IInvokedMethodListenerClass.afterInvocation(IInvokedMethodListenerClass.java:22)] -  Test Case comparingPricesTC Failed 
[ERROR] 24-09-2024 11:07:00 [main] [Utilities.Utility.takeFullScreenShot(Utility.java:89)] - Cannot invoke "org.openqa.selenium.JavascriptExecutor.executeScript(String, Object[])" because "js" is null
