[INFO] 14-10-2024 12:33:36 [main] [Tests.TC04_CheckoutTest.setup(TC04_CheckoutTest.java:36)] - Browser was opened
[INFO] 14-10-2024 12:33:36 [main] [Tests.TC04_CheckoutTest.setup(TC04_CheckoutTest.java:38)] -  browser is redirected to the url
[ERROR] 14-10-2024 12:33:48 [main] [Utilities.Utility.takeFullScreenShot(Utility.java:89)] - no such element: Unable to locate element: {"method":"css selector","selector":".shopping_cart_badge"}
  (Session info: MicrosoftEdge=129.0.2792.89)
For documentation on this error, please visit: https://www.selenium.dev/documentation/webdriver/troubleshooting/errors#no-such-element-exception
Build info: version: '4.24.0', revision: '748ffc9bc3'
System info: os.name: 'Windows 10', os.arch: 'amd64', os.version: '10.0', java.version: '23'
Driver info: org.openqa.selenium.edge.EdgeDriver
Command: [f270d6bce57a3459b7b0eeea704a1211, findElement {using=class name, value=shopping_cart_badge}]
Capabilities {acceptInsecureCerts: false, browserName: MicrosoftEdge, browserVersion: 129.0.2792.89, fedcm:accounts: true, ms:edgeOptions: {debuggerAddress: localhost:51166}, msedge: {msedgedriverVersion: 129.0.2792.89 (65986ec8d2a8..., userDataDir: C:\Windows\SystemTemp\scope...}, networkConnectionEnabled: false, pageLoadStrategy: normal, platformName: windows, proxy: Proxy(), se:cdp: ws://localhost:51166/devtoo..., se:cdpVersion: 129.0.2792.89, setWindowRect: true, strictFileInteractability: false, timeouts: {implicit: 0, pageLoad: 300000, script: 30000}, unhandledPromptBehavior: dismiss and notify, webauthn:extension:credBlob: true, webauthn:extension:largeBlob: true, webauthn:extension:minPinLength: true, webauthn:extension:prf: true, webauthn:virtualAuthenticators: true}
Session ID: f270d6bce57a3459b7b0eeea704a1211
[INFO] 14-10-2024 12:33:48 [main] [Listeners.ITestResultListenerClass.onTestStart(ITestResultListenerClass.java:9)] -  Test Case checkoutStepOneTC started
[INFO] 14-10-2024 12:33:50 [main] [Tests.TC04_CheckoutTest.checkoutStepOneTC(TC04_CheckoutTest.java:48)] - login Successfully
[INFO] 14-10-2024 12:33:50 [main] [Pages.P02_LandingPage.addRandomProducts(P02_LandingPage.java:76)] - randomNumber 3
[INFO] 14-10-2024 12:33:50 [main] [Pages.P02_LandingPage.addRandomProducts(P02_LandingPage.java:76)] - randomNumber 4
[INFO] 14-10-2024 12:33:50 [main] [Tests.TC04_CheckoutTest.checkoutStepOneTC(TC04_CheckoutTest.java:52)] - products was added
[INFO] 14-10-2024 12:33:51 [main] [Tests.TC04_CheckoutTest.checkoutStepOneTC(TC04_CheckoutTest.java:59)] - the information was filled
[INFO] 14-10-2024 12:33:53 [main] [Listeners.ITestResultListenerClass.onTestSuccess(ITestResultListenerClass.java:14)] -  Test Case checkoutStepOneTC Passed 
[ERROR] 14-10-2024 12:33:54 [main] [Utilities.Utility.takeFullScreenShot(Utility.java:89)] - Cannot invoke "org.openqa.selenium.JavascriptExecutor.executeScript(String, Object[])" because "js" is null
